<?xml version="1.0" encoding="UTF-8"?>
<!-- Generated by org.testng.reporters.JUnitXMLReporter -->
<testsuite hostname="PATIL" name="Regression" tests="2" failures="1" timestamp="26 Nov 2017 03:29:27 GMT" time="66.491" errors="0">
  <testcase name="InvalidLogin_001" time="25.463" classname="com.selenium.tests.LoginTests">
    <failure type="java.lang.AssertionError" message="could not login to actitime expected [true] but found [false]">
      <![CDATA[java.lang.AssertionError: could not login to actitime expected [true] but found [false]
	at com.selenium.tests.LoginTests.InvalidLogin_001(LoginTests.java:60)
... Removed 30 stack frames]]>
    </failure>
  </testcase> <!-- InvalidLogin_001 -->
  <testcase name="login_001" time="7.026" classname="com.selenium.tests.LoginTests"/>
</testsuite> <!-- Regression -->
