2017-11-26 08:34:44 INFO  ************* This method will run before everything
2017-11-26 08:34:45 INFO  ************* ######This method runs at the begining of execution######
2017-11-26 08:34:45 INFO  ************* This method will run before every TestNG test in the xml file
2017-11-26 08:34:45 INFO  ************* This method will run after every TestNG test in the xml file
2017-11-26 08:34:45 INFO  ************* ######This method runs at the end of execution######
2017-11-26 08:34:45 INFO  ************* This method will run after everything
2017-11-26 08:40:13 INFO  ************* This method will run before everything
2017-11-26 08:40:15 INFO  ************* ######This method runs at the begining of execution######
2017-11-26 08:40:15 INFO  ************* This method will run before every TestNG test in the xml file
2017-11-26 08:40:15 INFO  ************* This method will run before every class
2017-11-26 08:40:15 INFO  ************* This method will run before every method
2017-11-26 08:40:15 INFO  ************* ***********The test case by name login_001 is getting started*******
2017-11-26 08:40:15 INFO  ************* The test case by name login_001 is skipped !!!
2017-11-26 08:40:15 INFO  ************* This method will run after every method
2017-11-26 08:40:20 INFO  ************* This method will run after every class
2017-11-26 08:40:20 INFO  ************* This method will run after every TestNG test in the xml file
2017-11-26 08:40:20 INFO  ************* ######This method runs at the end of execution######
2017-11-26 08:40:20 INFO  ************* This method will run after everything
2017-11-26 08:41:36 INFO  ************* This method will run before everything
2017-11-26 08:41:37 INFO  ************* ######This method runs at the begining of execution######
2017-11-26 08:41:37 INFO  ************* This method will run before every TestNG test in the xml file
2017-11-26 08:41:37 INFO  ************* This method will run before every class
2017-11-26 08:41:37 INFO  ************* This method will run before every method
2017-11-26 08:41:54 INFO  ************* ***********The test case by name login_001 is getting started*******
2017-11-26 08:41:54 INFO  ************* The test case by name login_001 is skipped !!!
2017-11-26 08:41:54 INFO  ************* This method will run after every method
2017-11-26 08:41:58 INFO  ************* This method will run after every class
2017-11-26 08:41:58 INFO  ************* This method will run after every TestNG test in the xml file
2017-11-26 08:41:58 INFO  ************* ######This method runs at the end of execution######
2017-11-26 08:41:58 INFO  ************* This method will run after everything
2017-11-26 08:43:03 INFO  ************* This method will run before everything
2017-11-26 08:43:04 INFO  ************* ######This method runs at the begining of execution######
2017-11-26 08:43:04 INFO  ************* This method will run before every TestNG test in the xml file
2017-11-26 08:43:04 INFO  ************* This method will run before every class
2017-11-26 08:43:04 INFO  ************* This method will run before every method
2017-11-26 08:43:09 INFO  ************* ***********The test case by name login_001 is getting started*******
2017-11-26 08:43:09 INFO  ************* The test case by name login_001 is skipped !!!
2017-11-26 08:43:09 INFO  ************* This method will run after every method
2017-11-26 08:43:14 INFO  ************* This method will run after every class
2017-11-26 08:43:14 INFO  ************* This method will run after every TestNG test in the xml file
2017-11-26 08:43:14 INFO  ************* ######This method runs at the end of execution######
2017-11-26 08:43:14 INFO  ************* This method will run after everything
2017-11-26 08:46:05 INFO  ************* This method will run before everything
2017-11-26 08:46:05 INFO  ************* ######This method runs at the begining of execution######
2017-11-26 08:46:05 INFO  ************* This method will run before every TestNG test in the xml file
2017-11-26 08:46:05 INFO  ************* This method will run before every class
2017-11-26 08:46:05 INFO  ************* This method will run before every method
2017-11-26 08:46:17 INFO  ************* ***********The test case by name login_001 is getting started*******
2017-11-26 08:46:17 INFO  ************* This method will run before every method
2017-11-26 08:46:27 ERROR ************* [java.io.FileInputStream.open0(Native Method)
 java.io.FileInputStream.open(FileInputStream.java:195)
 java.io.FileInputStream.<init>(FileInputStream.java:138)
 com.selenium.base.BaseClass.getLocatorData(BaseClass.java:103)
 com.selenium.tests.LoginTests.login_001(LoginTests.java:18)
 sun.reflect.NativeMethodAccessorImpl.invoke0(Native Method)
 sun.reflect.NativeMethodAccessorImpl.invoke(NativeMethodAccessorImpl.java:62)
 sun.reflect.DelegatingMethodAccessorImpl.invoke(DelegatingMethodAccessorImpl.java:43)
 java.lang.reflect.Method.invoke(Method.java:498)
 org.testng.internal.MethodInvocationHelper.invokeMethod(MethodInvocationHelper.java:85)
 org.testng.internal.Invoker.invokeMethod(Invoker.java:639)
 org.testng.internal.Invoker.invokeTestMethod(Invoker.java:816)
 org.testng.internal.Invoker.invokeTestMethods(Invoker.java:1124)
 org.testng.internal.TestMethodWorker.invokeTestMethods(TestMethodWorker.java:125)
 org.testng.internal.TestMethodWorker.run(TestMethodWorker.java:108)
 org.testng.TestRunner.privateRun(TestRunner.java:774)
 org.testng.TestRunner.run(TestRunner.java:624)
 org.testng.SuiteRunner.runTest(SuiteRunner.java:359)
 org.testng.SuiteRunner.runSequentially(SuiteRunner.java:354)
 org.testng.SuiteRunner.privateRun(SuiteRunner.java:312)
 org.testng.SuiteRunner.run(SuiteRunner.java:261)
 org.testng.SuiteRunnerWorker.runSuite(SuiteRunnerWorker.java:52)
 org.testng.SuiteRunnerWorker.run(SuiteRunnerWorker.java:86)
 org.testng.TestNG.runSuitesSequentially(TestNG.java:1215)
 org.testng.TestNG.runSuitesLocally(TestNG.java:1140)
 org.testng.TestNG.run(TestNG.java:1048)
 org.apache.maven.surefire.testng.TestNGExecutor.run(TestNGExecutor.java:293)
 org.apache.maven.surefire.testng.TestNGXmlTestSuite.execute(TestNGXmlTestSuite.java:84)
 org.apache.maven.surefire.testng.TestNGProvider.invoke(TestNGProvider.java:91)
 org.apache.maven.surefire.booter.ForkedBooter.invokeProviderInSameClassLoader(ForkedBooter.java:200)
 org.apache.maven.surefire.booter.ForkedBooter.runSuitesInProcess(ForkedBooter.java:153)
 org.apache.maven.surefire.booter.ForkedBooter.main(ForkedBooter.java:103)]
2017-11-26 08:46:28 INFO  ************* This method will run after every method
2017-11-26 08:46:32 INFO  ************* This method will run after every class
2017-11-26 08:46:32 INFO  ************* This method will run after every TestNG test in the xml file
2017-11-26 08:46:32 INFO  ************* ######This method runs at the end of execution######
2017-11-26 08:46:32 INFO  ************* This method will run after everything
2017-11-26 08:47:01 INFO  ************* This method will run before everything
2017-11-26 08:47:01 INFO  ************* ######This method runs at the begining of execution######
2017-11-26 08:47:01 INFO  ************* This method will run before every TestNG test in the xml file
2017-11-26 08:47:01 INFO  ************* This method will run before every class
2017-11-26 08:47:01 INFO  ************* This method will run before every method
2017-11-26 08:47:12 INFO  ************* ***********The test case by name login_001 is getting started*******
2017-11-26 08:47:12 ERROR ************* [java.io.FileInputStream.open0(Native Method)
 java.io.FileInputStream.open(FileInputStream.java:195)
 java.io.FileInputStream.<init>(FileInputStream.java:138)
 com.selenium.base.BaseClass.getLocatorData(BaseClass.java:103)
 com.selenium.tests.LoginTests.login_001(LoginTests.java:15)
 sun.reflect.NativeMethodAccessorImpl.invoke0(Native Method)
 sun.reflect.NativeMethodAccessorImpl.invoke(NativeMethodAccessorImpl.java:62)
 sun.reflect.DelegatingMethodAccessorImpl.invoke(DelegatingMethodAccessorImpl.java:43)
 java.lang.reflect.Method.invoke(Method.java:498)
 org.testng.internal.MethodInvocationHelper.invokeMethod(MethodInvocationHelper.java:85)
 org.testng.internal.Invoker.invokeMethod(Invoker.java:639)
 org.testng.internal.Invoker.invokeTestMethod(Invoker.java:816)
 org.testng.internal.Invoker.invokeTestMethods(Invoker.java:1124)
 org.testng.internal.TestMethodWorker.invokeTestMethods(TestMethodWorker.java:125)
 org.testng.internal.TestMethodWorker.run(TestMethodWorker.java:108)
 org.testng.TestRunner.privateRun(TestRunner.java:774)
 org.testng.TestRunner.run(TestRunner.java:624)
 org.testng.SuiteRunner.runTest(SuiteRunner.java:359)
 org.testng.SuiteRunner.runSequentially(SuiteRunner.java:354)
 org.testng.SuiteRunner.privateRun(SuiteRunner.java:312)
 org.testng.SuiteRunner.run(SuiteRunner.java:261)
 org.testng.SuiteRunnerWorker.runSuite(SuiteRunnerWorker.java:52)
 org.testng.SuiteRunnerWorker.run(SuiteRunnerWorker.java:86)
 org.testng.TestNG.runSuitesSequentially(TestNG.java:1215)
 org.testng.TestNG.runSuitesLocally(TestNG.java:1140)
 org.testng.TestNG.run(TestNG.java:1048)
 org.apache.maven.surefire.testng.TestNGExecutor.run(TestNGExecutor.java:293)
 org.apache.maven.surefire.testng.TestNGXmlTestSuite.execute(TestNGXmlTestSuite.java:84)
 org.apache.maven.surefire.testng.TestNGProvider.invoke(TestNGProvider.java:91)
 org.apache.maven.surefire.booter.ForkedBooter.invokeProviderInSameClassLoader(ForkedBooter.java:200)
 org.apache.maven.surefire.booter.ForkedBooter.runSuitesInProcess(ForkedBooter.java:153)
 org.apache.maven.surefire.booter.ForkedBooter.main(ForkedBooter.java:103)]
2017-11-26 08:47:12 INFO  ************* This method will run after every method
2017-11-26 08:47:16 INFO  ************* This method will run after every class
2017-11-26 08:47:16 INFO  ************* This method will run after every TestNG test in the xml file
2017-11-26 08:47:16 INFO  ************* ######This method runs at the end of execution######
2017-11-26 08:47:16 INFO  ************* This method will run after everything
2017-11-26 08:48:00 INFO  ************* This method will run before everything
2017-11-26 08:48:00 INFO  ************* ######This method runs at the begining of execution######
2017-11-26 08:48:00 INFO  ************* This method will run before every TestNG test in the xml file
2017-11-26 08:48:00 INFO  ************* This method will run before every class
2017-11-26 08:48:01 INFO  ************* This method will run before every method
2017-11-26 08:48:12 INFO  ************* ***********The test case by name login_001 is getting started*******
2017-11-26 08:48:12 ERROR ************* [java.io.FileInputStream.open0(Native Method)
 java.io.FileInputStream.open(FileInputStream.java:195)
 java.io.FileInputStream.<init>(FileInputStream.java:138)
 com.selenium.base.BaseClass.getLocatorData(BaseClass.java:103)
 com.selenium.tests.LoginTests.login_001(LoginTests.java:15)
 sun.reflect.NativeMethodAccessorImpl.invoke0(Native Method)
 sun.reflect.NativeMethodAccessorImpl.invoke(NativeMethodAccessorImpl.java:62)
 sun.reflect.DelegatingMethodAccessorImpl.invoke(DelegatingMethodAccessorImpl.java:43)
 java.lang.reflect.Method.invoke(Method.java:498)
 org.testng.internal.MethodInvocationHelper.invokeMethod(MethodInvocationHelper.java:85)
 org.testng.internal.Invoker.invokeMethod(Invoker.java:639)
 org.testng.internal.Invoker.invokeTestMethod(Invoker.java:816)
 org.testng.internal.Invoker.invokeTestMethods(Invoker.java:1124)
 org.testng.internal.TestMethodWorker.invokeTestMethods(TestMethodWorker.java:125)
 org.testng.internal.TestMethodWorker.run(TestMethodWorker.java:108)
 org.testng.TestRunner.privateRun(TestRunner.java:774)
 org.testng.TestRunner.run(TestRunner.java:624)
 org.testng.SuiteRunner.runTest(SuiteRunner.java:359)
 org.testng.SuiteRunner.runSequentially(SuiteRunner.java:354)
 org.testng.SuiteRunner.privateRun(SuiteRunner.java:312)
 org.testng.SuiteRunner.run(SuiteRunner.java:261)
 org.testng.SuiteRunnerWorker.runSuite(SuiteRunnerWorker.java:52)
 org.testng.SuiteRunnerWorker.run(SuiteRunnerWorker.java:86)
 org.testng.TestNG.runSuitesSequentially(TestNG.java:1215)
 org.testng.TestNG.runSuitesLocally(TestNG.java:1140)
 org.testng.TestNG.run(TestNG.java:1048)
 org.apache.maven.surefire.testng.TestNGExecutor.run(TestNGExecutor.java:293)
 org.apache.maven.surefire.testng.TestNGXmlTestSuite.execute(TestNGXmlTestSuite.java:84)
 org.apache.maven.surefire.testng.TestNGProvider.invoke(TestNGProvider.java:91)
 org.apache.maven.surefire.booter.ForkedBooter.invokeProviderInSameClassLoader(ForkedBooter.java:200)
 org.apache.maven.surefire.booter.ForkedBooter.runSuitesInProcess(ForkedBooter.java:153)
 org.apache.maven.surefire.booter.ForkedBooter.main(ForkedBooter.java:103)]
2017-11-26 08:48:12 INFO  ************* This method will run after every method
2017-11-26 08:48:16 INFO  ************* This method will run after every class
2017-11-26 08:48:16 INFO  ************* This method will run after every TestNG test in the xml file
2017-11-26 08:48:16 INFO  ************* ######This method runs at the end of execution######
2017-11-26 08:48:16 INFO  ************* This method will run after everything
2017-11-26 08:49:11 INFO  ************* This method will run before everything
2017-11-26 08:49:11 INFO  ************* ######This method runs at the begining of execution######
2017-11-26 08:49:11 INFO  ************* This method will run before every TestNG test in the xml file
2017-11-26 08:49:11 INFO  ************* This method will run before every class
2017-11-26 08:49:11 INFO  ************* This method will run before every method
2017-11-26 08:49:32 INFO  ************* ***********The test case by name login_001 is getting started*******
2017-11-26 08:49:32 ERROR ************* [java.io.FileInputStream.open0(Native Method)
 java.io.FileInputStream.open(FileInputStream.java:195)
 java.io.FileInputStream.<init>(FileInputStream.java:138)
 com.selenium.base.BaseClass.getLocatorData(BaseClass.java:103)
 com.selenium.tests.LoginTests.login_001(LoginTests.java:15)
 sun.reflect.NativeMethodAccessorImpl.invoke0(Native Method)
 sun.reflect.NativeMethodAccessorImpl.invoke(NativeMethodAccessorImpl.java:62)
 sun.reflect.DelegatingMethodAccessorImpl.invoke(DelegatingMethodAccessorImpl.java:43)
 java.lang.reflect.Method.invoke(Method.java:498)
 org.testng.internal.MethodInvocationHelper.invokeMethod(MethodInvocationHelper.java:85)
 org.testng.internal.Invoker.invokeMethod(Invoker.java:639)
 org.testng.internal.Invoker.invokeTestMethod(Invoker.java:816)
 org.testng.internal.Invoker.invokeTestMethods(Invoker.java:1124)
 org.testng.internal.TestMethodWorker.invokeTestMethods(TestMethodWorker.java:125)
 org.testng.internal.TestMethodWorker.run(TestMethodWorker.java:108)
 org.testng.TestRunner.privateRun(TestRunner.java:774)
 org.testng.TestRunner.run(TestRunner.java:624)
 org.testng.SuiteRunner.runTest(SuiteRunner.java:359)
 org.testng.SuiteRunner.runSequentially(SuiteRunner.java:354)
 org.testng.SuiteRunner.privateRun(SuiteRunner.java:312)
 org.testng.SuiteRunner.run(SuiteRunner.java:261)
 org.testng.SuiteRunnerWorker.runSuite(SuiteRunnerWorker.java:52)
 org.testng.SuiteRunnerWorker.run(SuiteRunnerWorker.java:86)
 org.testng.TestNG.runSuitesSequentially(TestNG.java:1215)
 org.testng.TestNG.runSuitesLocally(TestNG.java:1140)
 org.testng.TestNG.run(TestNG.java:1048)
 org.apache.maven.surefire.testng.TestNGExecutor.run(TestNGExecutor.java:293)
 org.apache.maven.surefire.testng.TestNGXmlTestSuite.execute(TestNGXmlTestSuite.java:84)
 org.apache.maven.surefire.testng.TestNGProvider.invoke(TestNGProvider.java:91)
 org.apache.maven.surefire.booter.ForkedBooter.invokeProviderInSameClassLoader(ForkedBooter.java:200)
 org.apache.maven.surefire.booter.ForkedBooter.runSuitesInProcess(ForkedBooter.java:153)
 org.apache.maven.surefire.booter.ForkedBooter.main(ForkedBooter.java:103)]
2017-11-26 08:49:33 INFO  ************* This method will run after every method
2017-11-26 08:49:37 INFO  ************* This method will run after every class
2017-11-26 08:49:37 INFO  ************* This method will run after every TestNG test in the xml file
2017-11-26 08:49:37 INFO  ************* ######This method runs at the end of execution######
2017-11-26 08:49:37 INFO  ************* This method will run after everything
2017-11-26 08:50:52 INFO  ************* This method will run before everything
2017-11-26 08:50:53 INFO  ************* ######This method runs at the begining of execution######
2017-11-26 08:50:53 INFO  ************* This method will run before every TestNG test in the xml file
2017-11-26 08:50:53 INFO  ************* This method will run before every class
2017-11-26 08:50:53 INFO  ************* This method will run before every method
2017-11-26 08:51:05 INFO  ************* ***********The test case by name login_001 is getting started*******
2017-11-26 08:51:11 INFO  ************* The test case by name login_001 is Pass
2017-11-26 08:51:12 INFO  ************* This method will run after every method
2017-11-26 08:51:16 INFO  ************* This method will run after every class
2017-11-26 08:51:16 INFO  ************* This method will run after every TestNG test in the xml file
2017-11-26 08:51:16 INFO  ************* ######This method runs at the end of execution######
2017-11-26 08:51:16 INFO  ************* This method will run after everything
2017-11-26 08:53:49 INFO  ************* This method will run before everything
2017-11-26 08:53:49 INFO  ************* ######This method runs at the begining of execution######
2017-11-26 08:53:49 INFO  ************* This method will run before every TestNG test in the xml file
2017-11-26 08:53:49 INFO  ************* This method will run before every class
2017-11-26 08:53:49 INFO  ************* This method will run before every method
2017-11-26 08:54:01 INFO  ************* ***********The test case by name InvalidLogin_001 is getting started*******
2017-11-26 08:54:27 ERROR ************* [sun.reflect.NativeConstructorAccessorImpl.newInstance0(Native Method)
 sun.reflect.NativeConstructorAccessorImpl.newInstance(NativeConstructorAccessorImpl.java:62)
 sun.reflect.DelegatingConstructorAccessorImpl.newInstance(DelegatingConstructorAccessorImpl.java:45)
 java.lang.reflect.Constructor.newInstance(Constructor.java:423)
 org.openqa.selenium.remote.ErrorHandler.createThrowable(ErrorHandler.java:214)
 org.openqa.selenium.remote.ErrorHandler.throwIfResponseFailed(ErrorHandler.java:166)
 org.openqa.selenium.remote.http.JsonHttpResponseCodec.reconstructValue(JsonHttpResponseCodec.java:40)
 org.openqa.selenium.remote.http.AbstractHttpResponseCodec.decode(AbstractHttpResponseCodec.java:80)
 org.openqa.selenium.remote.http.AbstractHttpResponseCodec.decode(AbstractHttpResponseCodec.java:44)
 org.openqa.selenium.remote.HttpCommandExecutor.execute(HttpCommandExecutor.java:164)
 org.openqa.selenium.remote.service.DriverCommandExecutor.execute(DriverCommandExecutor.java:83)
 org.openqa.selenium.remote.RemoteWebDriver.execute(RemoteWebDriver.java:600)
 org.openqa.selenium.remote.RemoteWebDriver.findElement(RemoteWebDriver.java:370)
 org.openqa.selenium.remote.RemoteWebDriver.findElementByXPath(RemoteWebDriver.java:472)
 org.openqa.selenium.By$ByXPath.findElement(By.java:361)
 org.openqa.selenium.remote.RemoteWebDriver.findElement(RemoteWebDriver.java:362)
 com.selenium.tests.LoginTests.InvalidLogin_001(LoginTests.java:48)
 sun.reflect.NativeMethodAccessorImpl.invoke0(Native Method)
 sun.reflect.NativeMethodAccessorImpl.invoke(NativeMethodAccessorImpl.java:62)
 sun.reflect.DelegatingMethodAccessorImpl.invoke(DelegatingMethodAccessorImpl.java:43)
 java.lang.reflect.Method.invoke(Method.java:498)
 org.testng.internal.MethodInvocationHelper.invokeMethod(MethodInvocationHelper.java:85)
 org.testng.internal.Invoker.invokeMethod(Invoker.java:639)
 org.testng.internal.Invoker.invokeTestMethod(Invoker.java:816)
 org.testng.internal.Invoker.invokeTestMethods(Invoker.java:1124)
 org.testng.internal.TestMethodWorker.invokeTestMethods(TestMethodWorker.java:125)
 org.testng.internal.TestMethodWorker.run(TestMethodWorker.java:108)
 org.testng.TestRunner.privateRun(TestRunner.java:774)
 org.testng.TestRunner.run(TestRunner.java:624)
 org.testng.SuiteRunner.runTest(SuiteRunner.java:359)
 org.testng.SuiteRunner.runSequentially(SuiteRunner.java:354)
 org.testng.SuiteRunner.privateRun(SuiteRunner.java:312)
 org.testng.SuiteRunner.run(SuiteRunner.java:261)
 org.testng.SuiteRunnerWorker.runSuite(SuiteRunnerWorker.java:52)
 org.testng.SuiteRunnerWorker.run(SuiteRunnerWorker.java:86)
 org.testng.TestNG.runSuitesSequentially(TestNG.java:1215)
 org.testng.TestNG.runSuitesLocally(TestNG.java:1140)
 org.testng.TestNG.run(TestNG.java:1048)
 org.apache.maven.surefire.testng.TestNGExecutor.run(TestNGExecutor.java:293)
 org.apache.maven.surefire.testng.TestNGXmlTestSuite.execute(TestNGXmlTestSuite.java:84)
 org.apache.maven.surefire.testng.TestNGProvider.invoke(TestNGProvider.java:91)
 org.apache.maven.surefire.booter.ForkedBooter.invokeProviderInSameClassLoader(ForkedBooter.java:200)
 org.apache.maven.surefire.booter.ForkedBooter.runSuitesInProcess(ForkedBooter.java:153)
 org.apache.maven.surefire.booter.ForkedBooter.main(ForkedBooter.java:103)]
2017-11-26 08:54:27 INFO  ************* This method will run after every method
2017-11-26 08:54:32 INFO  ************* This method will run before every method
2017-11-26 08:54:43 INFO  ************* ***********The test case by name login_001 is getting started*******
2017-11-26 08:54:50 INFO  ************* The test case by name login_001 is Pass
2017-11-26 08:54:50 INFO  ************* This method will run after every method
2017-11-26 08:54:55 INFO  ************* This method will run after every class
2017-11-26 08:54:55 INFO  ************* This method will run after every TestNG test in the xml file
2017-11-26 08:54:55 INFO  ************* ######This method runs at the end of execution######
2017-11-26 08:54:55 INFO  ************* This method will run after everything
2017-11-26 08:58:20 INFO  ************* This method will run before everything
2017-11-26 08:58:20 INFO  ************* ######This method runs at the begining of execution######
2017-11-26 08:58:20 INFO  ************* This method will run before every TestNG test in the xml file
2017-11-26 08:58:20 INFO  ************* This method will run before every class
2017-11-26 08:58:20 INFO  ************* This method will run before every method
2017-11-26 08:58:33 INFO  ************* ***********The test case by name InvalidLogin_001 is getting started*******
2017-11-26 08:58:58 INFO  ************* could not login.....the logout link not present
2017-11-26 08:58:58 ERROR ************* [org.testng.Assert.fail(Assert.java:94)
 org.testng.Assert.failNotEquals(Assert.java:496)
 org.testng.Assert.assertTrue(Assert.java:42)
 com.selenium.tests.LoginTests.InvalidLogin_001(LoginTests.java:60)
 sun.reflect.NativeMethodAccessorImpl.invoke0(Native Method)
 sun.reflect.NativeMethodAccessorImpl.invoke(NativeMethodAccessorImpl.java:62)
 sun.reflect.DelegatingMethodAccessorImpl.invoke(DelegatingMethodAccessorImpl.java:43)
 java.lang.reflect.Method.invoke(Method.java:498)
 org.testng.internal.MethodInvocationHelper.invokeMethod(MethodInvocationHelper.java:85)
 org.testng.internal.Invoker.invokeMethod(Invoker.java:639)
 org.testng.internal.Invoker.invokeTestMethod(Invoker.java:816)
 org.testng.internal.Invoker.invokeTestMethods(Invoker.java:1124)
 org.testng.internal.TestMethodWorker.invokeTestMethods(TestMethodWorker.java:125)
 org.testng.internal.TestMethodWorker.run(TestMethodWorker.java:108)
 org.testng.TestRunner.privateRun(TestRunner.java:774)
 org.testng.TestRunner.run(TestRunner.java:624)
 org.testng.SuiteRunner.runTest(SuiteRunner.java:359)
 org.testng.SuiteRunner.runSequentially(SuiteRunner.java:354)
 org.testng.SuiteRunner.privateRun(SuiteRunner.java:312)
 org.testng.SuiteRunner.run(SuiteRunner.java:261)
 org.testng.SuiteRunnerWorker.runSuite(SuiteRunnerWorker.java:52)
 org.testng.SuiteRunnerWorker.run(SuiteRunnerWorker.java:86)
 org.testng.TestNG.runSuitesSequentially(TestNG.java:1215)
 org.testng.TestNG.runSuitesLocally(TestNG.java:1140)
 org.testng.TestNG.run(TestNG.java:1048)
 org.apache.maven.surefire.testng.TestNGExecutor.run(TestNGExecutor.java:293)
 org.apache.maven.surefire.testng.TestNGXmlTestSuite.execute(TestNGXmlTestSuite.java:84)
 org.apache.maven.surefire.testng.TestNGProvider.invoke(TestNGProvider.java:91)
 org.apache.maven.surefire.booter.ForkedBooter.invokeProviderInSameClassLoader(ForkedBooter.java:200)
 org.apache.maven.surefire.booter.ForkedBooter.runSuitesInProcess(ForkedBooter.java:153)
 org.apache.maven.surefire.booter.ForkedBooter.main(ForkedBooter.java:103)]
2017-11-26 08:58:59 INFO  ************* This method will run after every method
2017-11-26 08:59:04 INFO  ************* This method will run before every method
2017-11-26 08:59:15 INFO  ************* ***********The test case by name login_001 is getting started*******
2017-11-26 08:59:22 INFO  ************* The test case by name login_001 is Pass
2017-11-26 08:59:22 INFO  ************* This method will run after every method
2017-11-26 08:59:27 INFO  ************* This method will run after every class
2017-11-26 08:59:27 INFO  ************* This method will run after every TestNG test in the xml file
2017-11-26 08:59:27 INFO  ************* ######This method runs at the end of execution######
2017-11-26 08:59:27 INFO  ************* This method will run after everything
