<?xml version="1.0" encoding="UTF-8"?>
<testng-results skipped="0" failed="1" total="2" passed="1">
  <reporter-output>
  </reporter-output>
  <suite name="Regression" duration-ms="66491" started-at="2017-11-26T03:28:20Z" finished-at="2017-11-26T03:29:27Z">
    <groups>
    </groups>
    <test name="Regression" duration-ms="66491" started-at="2017-11-26T03:28:20Z" finished-at="2017-11-26T03:29:27Z">
      <class name="com.selenium.tests.LoginTests">
        <test-method status="PASS" signature="beforeSuite()[pri:0, instance:com.selenium.tests.LoginTests@5cc7c2a6]" name="beforeSuite" is-config="true" duration-ms="187" started-at="2017-11-26T08:58:20Z" finished-at="2017-11-26T08:58:20Z">
          <reporter-output>
          </reporter-output>
        </test-method> <!-- beforeSuite -->
        <test-method status="PASS" signature="beforeClass()[pri:0, instance:com.selenium.tests.LoginTests@5cc7c2a6]" name="beforeClass" is-config="true" duration-ms="0" started-at="2017-11-26T08:58:20Z" finished-at="2017-11-26T08:58:20Z">
          <reporter-output>
          </reporter-output>
        </test-method> <!-- beforeClass -->
        <test-method status="PASS" signature="beforeTest()[pri:0, instance:com.selenium.tests.LoginTests@5cc7c2a6]" name="beforeTest" is-config="true" duration-ms="0" started-at="2017-11-26T08:58:20Z" finished-at="2017-11-26T08:58:20Z">
          <reporter-output>
          </reporter-output>
        </test-method> <!-- beforeTest -->
        <test-method status="PASS" signature="startSelenium()[pri:0, instance:com.selenium.tests.LoginTests@5cc7c2a6]" name="startSelenium" is-config="true" duration-ms="12203" started-at="2017-11-26T08:58:20Z" finished-at="2017-11-26T08:58:33Z">
          <reporter-output>
          </reporter-output>
        </test-method> <!-- startSelenium -->
        <test-method status="FAIL" signature="InvalidLogin_001()[pri:0, instance:com.selenium.tests.LoginTests@5cc7c2a6]" name="InvalidLogin_001" duration-ms="25463" started-at="2017-11-26T08:58:33Z" finished-at="2017-11-26T08:58:58Z">
          <exception class="java.lang.AssertionError">
            <message>
              <![CDATA[could not login to actitime expected [true] but found [false]]]>
            </message>
            <full-stacktrace>
              <![CDATA[java.lang.AssertionError: could not login to actitime expected [true] but found [false]
	at org.testng.Assert.fail(Assert.java:94)
	at org.testng.Assert.failNotEquals(Assert.java:496)
	at org.testng.Assert.assertTrue(Assert.java:42)
	at com.selenium.tests.LoginTests.InvalidLogin_001(LoginTests.java:60)
	at sun.reflect.NativeMethodAccessorImpl.invoke0(Native Method)
	at sun.reflect.NativeMethodAccessorImpl.invoke(NativeMethodAccessorImpl.java:62)
	at sun.reflect.DelegatingMethodAccessorImpl.invoke(DelegatingMethodAccessorImpl.java:43)
	at java.lang.reflect.Method.invoke(Method.java:498)
	at org.testng.internal.MethodInvocationHelper.invokeMethod(MethodInvocationHelper.java:85)
	at org.testng.internal.Invoker.invokeMethod(Invoker.java:639)
	at org.testng.internal.Invoker.invokeTestMethod(Invoker.java:816)
	at org.testng.internal.Invoker.invokeTestMethods(Invoker.java:1124)
	at org.testng.internal.TestMethodWorker.invokeTestMethods(TestMethodWorker.java:125)
	at org.testng.internal.TestMethodWorker.run(TestMethodWorker.java:108)
	at org.testng.TestRunner.privateRun(TestRunner.java:774)
	at org.testng.TestRunner.run(TestRunner.java:624)
	at org.testng.SuiteRunner.runTest(SuiteRunner.java:359)
	at org.testng.SuiteRunner.runSequentially(SuiteRunner.java:354)
	at org.testng.SuiteRunner.privateRun(SuiteRunner.java:312)
	at org.testng.SuiteRunner.run(SuiteRunner.java:261)
	at org.testng.SuiteRunnerWorker.runSuite(SuiteRunnerWorker.java:52)
	at org.testng.SuiteRunnerWorker.run(SuiteRunnerWorker.java:86)
	at org.testng.TestNG.runSuitesSequentially(TestNG.java:1215)
	at org.testng.TestNG.runSuitesLocally(TestNG.java:1140)
	at org.testng.TestNG.run(TestNG.java:1048)
	at org.apache.maven.surefire.testng.TestNGExecutor.run(TestNGExecutor.java:293)
	at org.apache.maven.surefire.testng.TestNGXmlTestSuite.execute(TestNGXmlTestSuite.java:84)
	at org.apache.maven.surefire.testng.TestNGProvider.invoke(TestNGProvider.java:91)
	at org.apache.maven.surefire.booter.ForkedBooter.invokeProviderInSameClassLoader(ForkedBooter.java:200)
	at org.apache.maven.surefire.booter.ForkedBooter.runSuitesInProcess(ForkedBooter.java:153)
	at org.apache.maven.surefire.booter.ForkedBooter.main(ForkedBooter.java:103)
]]>
            </full-stacktrace>
          </exception> <!-- java.lang.AssertionError -->
          <reporter-output>
          </reporter-output>
        </test-method> <!-- InvalidLogin_001 -->
        <test-method status="PASS" signature="closeSelenium()[pri:0, instance:com.selenium.tests.LoginTests@5cc7c2a6]" name="closeSelenium" is-config="true" duration-ms="5029" started-at="2017-11-26T08:58:59Z" finished-at="2017-11-26T08:59:04Z">
          <reporter-output>
          </reporter-output>
        </test-method> <!-- closeSelenium -->
        <test-method status="PASS" signature="startSelenium()[pri:0, instance:com.selenium.tests.LoginTests@5cc7c2a6]" name="startSelenium" is-config="true" duration-ms="10994" started-at="2017-11-26T08:59:04Z" finished-at="2017-11-26T08:59:15Z">
          <reporter-output>
          </reporter-output>
        </test-method> <!-- startSelenium -->
        <test-method status="PASS" signature="login_001()[pri:0, instance:com.selenium.tests.LoginTests@5cc7c2a6]" name="login_001" duration-ms="7026" started-at="2017-11-26T08:59:15Z" finished-at="2017-11-26T08:59:22Z">
          <reporter-output>
          </reporter-output>
        </test-method> <!-- login_001 -->
        <test-method status="PASS" signature="closeSelenium()[pri:0, instance:com.selenium.tests.LoginTests@5cc7c2a6]" name="closeSelenium" is-config="true" duration-ms="4769" started-at="2017-11-26T08:59:22Z" finished-at="2017-11-26T08:59:27Z">
          <reporter-output>
          </reporter-output>
        </test-method> <!-- closeSelenium -->
        <test-method status="PASS" signature="afterClass()[pri:0, instance:com.selenium.tests.LoginTests@5cc7c2a6]" name="afterClass" is-config="true" duration-ms="1" started-at="2017-11-26T08:59:27Z" finished-at="2017-11-26T08:59:27Z">
          <reporter-output>
          </reporter-output>
        </test-method> <!-- afterClass -->
        <test-method status="PASS" signature="afterTest()[pri:0, instance:com.selenium.tests.LoginTests@5cc7c2a6]" name="afterTest" is-config="true" duration-ms="1" started-at="2017-11-26T08:59:27Z" finished-at="2017-11-26T08:59:27Z">
          <reporter-output>
          </reporter-output>
        </test-method> <!-- afterTest -->
        <test-method status="PASS" signature="afterSuite()[pri:0, instance:com.selenium.tests.LoginTests@5cc7c2a6]" name="afterSuite" is-config="true" duration-ms="0" started-at="2017-11-26T08:59:27Z" finished-at="2017-11-26T08:59:27Z">
          <reporter-output>
          </reporter-output>
        </test-method> <!-- afterSuite -->
      </class> <!-- com.selenium.tests.LoginTests -->
    </test> <!-- Regression -->
  </suite> <!-- Regression -->
</testng-results>
